Starting pgge on Wed Sep  7 20:53:57 NZST 2022

Command: /usr/local/bin/pgge -g ./pgge/circ4_ST6964.2k90.gfa -f ./circ4_ST6964.fa -o ./pgge -r /home/zyang/NGS/active/IPL/MENINGO/analysis/graph_genome/pgge/scripts/beehave.R -b ./pgge/pgge_circ4_peanut_bed -l 100000 -s 5000 -t 16

PARAMETERS

evaluation:
  input-gfa:          ./pgge/circ4_ST6964.2k90.gfa
  input-fasta:        ./circ4_ST6964.fa
  output-dir:         ./pgge
  beehave-r:          /home/zyang/NGS/active/IPL/MENINGO/analysis/graph_genome/pgge/scripts/beehave.R
  peanut-bed:         true
  input-graph-names:  false
splitfa:
  seq-length:         100000
  step:               5000
evaluation-gaf-mode:
  input-gaf:          false
general:
  threads:            16

Running pgge

samtools faidx ./circ4_ST6964.fa NZ_CP035891
0.01s user 0.05s system 89% cpu 0.07s total 3100Kb max memory
samtools faidx ./circ4_ST6964.fa NZ_CP035892
0.01s user 0.00s system 76% cpu 0.02s total 3100Kb max memory
samtools faidx ./circ4_ST6964.fa NZ_CP035894
0.01s user 0.00s system 74% cpu 0.02s total 3104Kb max memory
samtools faidx ./circ4_ST6964.fa NZ_CP035895
0.01s user 0.00s system 76% cpu 0.02s total 2836Kb max memory
splitfa ./pgge/pgge-l100000-s5000.NZ_CP035891.circ4_ST6964.fa -l 100000 -s 5000
0.00s user 0.05s system 53% cpu 0.11s total 5056Kb max memory
splitfa ./pgge/pgge-l100000-s5000.NZ_CP035892.circ4_ST6964.fa -l 100000 -s 5000
0.01s user 0.05s system 46% cpu 0.14s total 5060Kb max memory
splitfa ./pgge/pgge-l100000-s5000.NZ_CP035894.circ4_ST6964.fa -l 100000 -s 5000
0.00s user 0.05s system 54% cpu 0.11s total 5060Kb max memory
splitfa ./pgge/pgge-l100000-s5000.NZ_CP035895.circ4_ST6964.fa -l 100000 -s 5000
0.00s user 0.05s system 53% cpu 0.10s total 5052Kb max memory
GraphAligner bioconda 1.0.13-
GraphAligner -g ./pgge/circ4_ST6964.2k90.gfa -f ./pgge/pgge-l100000-s5000.NZ_CP035891.circ4_ST6964.fa.splitfa.fa -a ./pgge/pgge-l100000-s5000.NZ_CP035891.circ4_ST6964.2k90.gfa.gaf -x dbg --precise-clipping 0.501 -t 16
20.84s user 0.56s system 1248% cpu 1.71s total 310552Kb max memory
cut -f 2,3,4,16 ./pgge/pgge-l100000-s5000.NZ_CP035891.circ4_ST6964.2k90.gfa.gaf
0.00s user 0.00s system 50% cpu 0.00s total 632Kb max memory
peanut -g ./pgge/pgge-l100000-s5000.NZ_CP035891.circ4_ST6964.2k90.gfa.gaf -b ./pgge/pgge-l100000-s5000.NZ_CP035891.circ4_ST6964.2k90.gfa.bed
0.15s user 0.02s system 98% cpu 0.18s total 2484Kb max memory
GraphAligner bioconda 1.0.13-
GraphAligner -g ./pgge/circ4_ST6964.2k90.gfa -f ./pgge/pgge-l100000-s5000.NZ_CP035892.circ4_ST6964.fa.splitfa.fa -a ./pgge/pgge-l100000-s5000.NZ_CP035892.circ4_ST6964.2k90.gfa.gaf -x dbg --precise-clipping 0.501 -t 16
20.77s user 0.45s system 1344% cpu 1.57s total 315876Kb max memory
cut -f 2,3,4,16 ./pgge/pgge-l100000-s5000.NZ_CP035892.circ4_ST6964.2k90.gfa.gaf
0.00s user 0.00s system 50% cpu 0.00s total 632Kb max memory
peanut -g ./pgge/pgge-l100000-s5000.NZ_CP035892.circ4_ST6964.2k90.gfa.gaf -b ./pgge/pgge-l100000-s5000.NZ_CP035892.circ4_ST6964.2k90.gfa.bed
0.14s user 0.00s system 98% cpu 0.15s total 2480Kb max memory
GraphAligner bioconda 1.0.13-
GraphAligner -g ./pgge/circ4_ST6964.2k90.gfa -f ./pgge/pgge-l100000-s5000.NZ_CP035894.circ4_ST6964.fa.splitfa.fa -a ./pgge/pgge-l100000-s5000.NZ_CP035894.circ4_ST6964.2k90.gfa.gaf -x dbg --precise-clipping 0.501 -t 16
20.34s user 0.51s system 1316% cpu 1.58s total 305024Kb max memory
cut -f 2,3,4,16 ./pgge/pgge-l100000-s5000.NZ_CP035894.circ4_ST6964.2k90.gfa.gaf
0.00s user 0.00s system 50% cpu 0.00s total 632Kb max memory
peanut -g ./pgge/pgge-l100000-s5000.NZ_CP035894.circ4_ST6964.2k90.gfa.gaf -b ./pgge/pgge-l100000-s5000.NZ_CP035894.circ4_ST6964.2k90.gfa.bed
0.13s user 0.00s system 94% cpu 0.15s total 2484Kb max memory
GraphAligner bioconda 1.0.13-
GraphAligner -g ./pgge/circ4_ST6964.2k90.gfa -f ./pgge/pgge-l100000-s5000.NZ_CP035895.circ4_ST6964.fa.splitfa.fa -a ./pgge/pgge-l100000-s5000.NZ_CP035895.circ4_ST6964.2k90.gfa.gaf -x dbg --precise-clipping 0.501 -t 16
19.37s user 0.48s system 1367% cpu 1.45s total 304824Kb max memory
cut -f 2,3,4,16 ./pgge/pgge-l100000-s5000.NZ_CP035895.circ4_ST6964.2k90.gfa.gaf
0.00s user 0.00s system 100% cpu 0.00s total 632Kb max memory
peanut -g ./pgge/pgge-l100000-s5000.NZ_CP035895.circ4_ST6964.2k90.gfa.gaf -b ./pgge/pgge-l100000-s5000.NZ_CP035895.circ4_ST6964.2k90.gfa.bed
0.09s user 0.00s system 96% cpu 0.10s total 2484Kb max memory
During startup - Warning messages:
1: Setting LC_CTYPE failed, using "C" 
2: Setting LC_COLLATE failed, using "C" 
3: Setting LC_TIME failed, using "C" 
4: Setting LC_MESSAGES failed, using "C" 
5: Setting LC_MONETARY failed, using "C" 
6: Setting LC_PAPER failed, using "C" 
7: Setting LC_MEASUREMENT failed, using "C" 
Loading required package: tidyverse
-- Attaching packages --------------------------------------- tidyverse 1.3.0 --
v ggplot2 3.3.3     v purrr   0.3.4
v tibble  3.1.0     v dplyr   1.0.5
v tidyr   1.1.3     v stringr 1.4.0
v readr   1.4.0     v forcats 0.5.1
-- Conflicts ------------------------------------------ tidyverse_conflicts() --
x dplyr::filter() masks stats::filter()
x dplyr::lag()    masks stats::lag()
Loading required package: ggrepel
Loading required package: gridExtra

Attaching package: 'gridExtra'

The following object is masked from 'package:dplyr':

    combine

Rscript /home/zyang/NGS/active/IPL/MENINGO/analysis/graph_genome/pgge/scripts/beehave.R ./pgge/pgge-l100000-s5000.pgge.tsv ./pgge/pgge-l100000-s5000.pgge.tsv.png
3.77s user 7.97s system 402% cpu 2.91s total 179692Kb max memory
