Starting pgge on Wed Sep  7 20:54:08 NZST 2022

Command: /usr/local/bin/pgge -g ./pgge/circ4_ST6964.5k95.gfa -f ./circ4_ST6964.fa -o ./pgge -r /home/zyang/NGS/active/IPL/MENINGO/analysis/graph_genome/pgge/scripts/beehave.R -b ./pgge/pgge_circ4_peanut_bed -l 100000 -s 5000 -t 16

PARAMETERS

evaluation:
  input-gfa:          ./pgge/circ4_ST6964.5k95.gfa
  input-fasta:        ./circ4_ST6964.fa
  output-dir:         ./pgge
  beehave-r:          /home/zyang/NGS/active/IPL/MENINGO/analysis/graph_genome/pgge/scripts/beehave.R
  peanut-bed:         true
  input-graph-names:  false
splitfa:
  seq-length:         100000
  step:               5000
evaluation-gaf-mode:
  input-gaf:          false
general:
  threads:            16

Running pgge

samtools faidx ./circ4_ST6964.fa NZ_CP035891
0.02s user 0.04s system 91% cpu 0.08s total 3100Kb max memory
samtools faidx ./circ4_ST6964.fa NZ_CP035892
0.02s user 0.00s system 83% cpu 0.03s total 3100Kb max memory
samtools faidx ./circ4_ST6964.fa NZ_CP035894
0.01s user 0.00s system 73% cpu 0.03s total 3100Kb max memory
samtools faidx ./circ4_ST6964.fa NZ_CP035895
0.01s user 0.01s system 80% cpu 0.03s total 2840Kb max memory
splitfa ./pgge/pgge-l100000-s5000.NZ_CP035891.circ4_ST6964.fa -l 100000 -s 5000
0.00s user 0.06s system 56% cpu 0.12s total 5056Kb max memory
splitfa ./pgge/pgge-l100000-s5000.NZ_CP035892.circ4_ST6964.fa -l 100000 -s 5000
0.00s user 0.05s system 50% cpu 0.11s total 5060Kb max memory
splitfa ./pgge/pgge-l100000-s5000.NZ_CP035894.circ4_ST6964.fa -l 100000 -s 5000
0.00s user 0.06s system 52% cpu 0.11s total 5060Kb max memory
splitfa ./pgge/pgge-l100000-s5000.NZ_CP035895.circ4_ST6964.fa -l 100000 -s 5000
0.00s user 0.05s system 52% cpu 0.11s total 5052Kb max memory
GraphAligner bioconda 1.0.13-
GraphAligner -g ./pgge/circ4_ST6964.5k95.gfa -f ./pgge/pgge-l100000-s5000.NZ_CP035891.circ4_ST6964.fa.splitfa.fa -a ./pgge/pgge-l100000-s5000.NZ_CP035891.circ4_ST6964.5k95.gfa.gaf -x dbg --precise-clipping 0.501 -t 16
20.89s user 0.61s system 1255% cpu 1.71s total 300264Kb max memory
cut -f 2,3,4,16 ./pgge/pgge-l100000-s5000.NZ_CP035891.circ4_ST6964.5k95.gfa.gaf
0.00s user 0.00s system 0% cpu 0.00s total 636Kb max memory
peanut -g ./pgge/pgge-l100000-s5000.NZ_CP035891.circ4_ST6964.5k95.gfa.gaf -b ./pgge/pgge-l100000-s5000.NZ_CP035891.circ4_ST6964.5k95.gfa.bed
0.15s user 0.03s system 97% cpu 0.19s total 2484Kb max memory
GraphAligner bioconda 1.0.13-
GraphAligner -g ./pgge/circ4_ST6964.5k95.gfa -f ./pgge/pgge-l100000-s5000.NZ_CP035892.circ4_ST6964.fa.splitfa.fa -a ./pgge/pgge-l100000-s5000.NZ_CP035892.circ4_ST6964.5k95.gfa.gaf -x dbg --precise-clipping 0.501 -t 16
20.76s user 0.46s system 1312% cpu 1.61s total 310252Kb max memory
cut -f 2,3,4,16 ./pgge/pgge-l100000-s5000.NZ_CP035892.circ4_ST6964.5k95.gfa.gaf
0.00s user 0.00s system 50% cpu 0.00s total 632Kb max memory
peanut -g ./pgge/pgge-l100000-s5000.NZ_CP035892.circ4_ST6964.5k95.gfa.gaf -b ./pgge/pgge-l100000-s5000.NZ_CP035892.circ4_ST6964.5k95.gfa.bed
0.17s user 0.00s system 98% cpu 0.18s total 2480Kb max memory
GraphAligner bioconda 1.0.13-
GraphAligner -g ./pgge/circ4_ST6964.5k95.gfa -f ./pgge/pgge-l100000-s5000.NZ_CP035894.circ4_ST6964.fa.splitfa.fa -a ./pgge/pgge-l100000-s5000.NZ_CP035894.circ4_ST6964.5k95.gfa.gaf -x dbg --precise-clipping 0.501 -t 16
20.61s user 0.50s system 1324% cpu 1.59s total 297220Kb max memory
cut -f 2,3,4,16 ./pgge/pgge-l100000-s5000.NZ_CP035894.circ4_ST6964.5k95.gfa.gaf
0.00s user 0.00s system 100% cpu 0.00s total 632Kb max memory
peanut -g ./pgge/pgge-l100000-s5000.NZ_CP035894.circ4_ST6964.5k95.gfa.gaf -b ./pgge/pgge-l100000-s5000.NZ_CP035894.circ4_ST6964.5k95.gfa.bed
0.10s user 0.00s system 97% cpu 0.10s total 2472Kb max memory
GraphAligner bioconda 1.0.13-
GraphAligner -g ./pgge/circ4_ST6964.5k95.gfa -f ./pgge/pgge-l100000-s5000.NZ_CP035895.circ4_ST6964.fa.splitfa.fa -a ./pgge/pgge-l100000-s5000.NZ_CP035895.circ4_ST6964.5k95.gfa.gaf -x dbg --precise-clipping 0.501 -t 16
20.05s user 0.48s system 1277% cpu 1.60s total 291892Kb max memory
cut -f 2,3,4,16 ./pgge/pgge-l100000-s5000.NZ_CP035895.circ4_ST6964.5k95.gfa.gaf
0.00s user 0.00s system 0% cpu 0.00s total 632Kb max memory
peanut -g ./pgge/pgge-l100000-s5000.NZ_CP035895.circ4_ST6964.5k95.gfa.gaf -b ./pgge/pgge-l100000-s5000.NZ_CP035895.circ4_ST6964.5k95.gfa.bed
0.16s user 0.00s system 98% cpu 0.17s total 2488Kb max memory
During startup - Warning messages:
1: Setting LC_CTYPE failed, using "C" 
2: Setting LC_COLLATE failed, using "C" 
3: Setting LC_TIME failed, using "C" 
4: Setting LC_MESSAGES failed, using "C" 
5: Setting LC_MONETARY failed, using "C" 
6: Setting LC_PAPER failed, using "C" 
7: Setting LC_MEASUREMENT failed, using "C" 
Loading required package: tidyverse
-- Attaching packages --------------------------------------- tidyverse 1.3.0 --
v ggplot2 3.3.3     v purrr   0.3.4
v tibble  3.1.0     v dplyr   1.0.5
v tidyr   1.1.3     v stringr 1.4.0
v readr   1.4.0     v forcats 0.5.1
-- Conflicts ------------------------------------------ tidyverse_conflicts() --
x dplyr::filter() masks stats::filter()
x dplyr::lag()    masks stats::lag()
Loading required package: ggrepel
Loading required package: gridExtra

Attaching package: 'gridExtra'

The following object is masked from 'package:dplyr':

    combine

Warning messages:
1: ggrepel: 12 unlabeled data points (too many overlaps). Consider increasing max.overlaps 
2: ggrepel: 12 unlabeled data points (too many overlaps). Consider increasing max.overlaps 
3: ggrepel: 12 unlabeled data points (too many overlaps). Consider increasing max.overlaps 
4: ggrepel: 12 unlabeled data points (too many overlaps). Consider increasing max.overlaps 
5: ggrepel: 12 unlabeled data points (too many overlaps). Consider increasing max.overlaps 
Rscript /home/zyang/NGS/active/IPL/MENINGO/analysis/graph_genome/pgge/scripts/beehave.R ./pgge/pgge-l100000-s5000.pgge.tsv ./pgge/pgge-l100000-s5000.pgge.tsv.png
3.68s user 8.06s system 403% cpu 2.91s total 179576Kb max memory
